<?xml version="1.0" encoding="UTF-8"?>
<!-- Generated by org.testng.reporters.JUnitXMLReporter -->
<testsuite ignored="0" hostname="cavirin" failures="0" tests="2" name="Linux-firefox" time="0.854" errors="0" timestamp="2024-11-20T10:23:50 IST">
  <testcase classname="testcases.TC1_Registration" name="testUserRegistration" time="0.0">
    <skipped/>
  </testcase> <!-- testUserRegistration -->
  <testcase classname="testcases.TC2_Login" name="testLoginWithValidCredentials" time="0.0">
    <skipped/>
  </testcase> <!-- testLoginWithValidCredentials -->
</testsuite> <!-- Linux-firefox -->
